<?xml version="1.0" encoding="UTF-8"?>
<!-- Generated by org.testng.reporters.JUnitReportReporter -->
<testsuite skipped="0" hostname="DESKTOP-D1G2NUT" name="TestCases.CreatePortfolioTest" tests="1" failures="0" timestamp="26 Mar 2021 11:26:02 GMT" time="13.234" errors="0">
  <testcase name="createPortfolioTest" time="13.234" classname="TestCases.CreatePortfolioTest"/>
</testsuite> <!-- TestCases.CreatePortfolioTest -->
